<?xml version="1.0" encoding="UTF-8"?>
<coverage generated="1774469966979" clover="3.2.0">
  <project timestamp="1774469966979" name="All files">
    <metrics statements="2412" coveredstatements="2272" conditionals="102" coveredconditionals="62" methods="29" coveredmethods="27" elements="2543" coveredelements="2361" complexity="0" loc="2412" ncloc="2412" packages="5" files="23" classes="23"/>
    <package name="api.controllers">
      <metrics statements="1205" coveredstatements="1070" conditionals="87" coveredconditionals="50" methods="28" coveredmethods="26"/>
      <file name="auth.controller.js" path="/Users/db/Documents/GitHub/EvolutFit/backEnd/src/api/controllers/auth.controller.js">
        <metrics statements="252" coveredstatements="199" conditionals="13" coveredconditionals="10" methods="5" coveredmethods="3"/>
        <line num="1" count="6" type="cond" truecount="1" falsecount="0"/>
        <line num="2" count="6" type="stmt"/>
        <line num="3" count="6" type="stmt"/>
        <line num="4" count="6" type="stmt"/>
        <line num="6" count="6" type="stmt"/>
        <line num="7" count="6" type="stmt"/>
        <line num="8" count="6" type="stmt"/>
        <line num="9" count="6" type="stmt"/>
        <line num="10" count="6" type="stmt"/>
        <line num="12" count="6" type="stmt"/>
        <line num="13" count="6" type="stmt"/>
        <line num="14" count="6" type="stmt"/>
        <line num="16" count="6" type="stmt"/>
        <line num="17" count="6" type="stmt"/>
        <line num="18" count="6" type="stmt"/>
        <line num="19" count="6" type="stmt"/>
        <line num="20" count="6" type="stmt"/>
        <line num="21" count="6" type="stmt"/>
        <line num="22" count="6" type="stmt"/>
        <line num="23" count="6" type="stmt"/>
        <line num="24" count="6" type="stmt"/>
        <line num="25" count="6" type="stmt"/>
        <line num="26" count="6" type="stmt"/>
        <line num="27" count="6" type="stmt"/>
        <line num="28" count="6" type="stmt"/>
        <line num="29" count="6" type="stmt"/>
        <line num="30" count="6" type="stmt"/>
        <line num="31" count="6" type="cond" truecount="1" falsecount="0"/>
        <line num="32" count="7" type="stmt"/>
        <line num="33" count="7" type="stmt"/>
        <line num="35" count="7" type="stmt"/>
        <line num="36" count="7" type="cond" truecount="1" falsecount="0"/>
        <line num="37" count="1" type="stmt"/>
        <line num="38" count="1" type="stmt"/>
        <line num="39" count="1" type="stmt"/>
        <line num="40" count="1" type="stmt"/>
        <line num="41" count="1" type="stmt"/>
        <line num="42" count="1" type="stmt"/>
        <line num="43" count="1" type="cond" truecount="1" falsecount="0"/>
        <line num="45" count="6" type="stmt"/>
        <line num="46" count="6" type="stmt"/>
        <line num="48" count="6" type="stmt"/>
        <line num="50" count="6" type="stmt"/>
        <line num="51" count="6" type="stmt"/>
        <line num="52" count="6" type="stmt"/>
        <line num="53" count="6" type="stmt"/>
        <line num="55" count="6" type="stmt"/>
        <line num="56" count="6" type="stmt"/>
        <line num="57" count="6" type="stmt"/>
        <line num="58" count="6" type="stmt"/>
        <line num="59" count="6" type="stmt"/>
        <line num="60" count="7" type="cond" truecount="0" falsecount="1"/>
        <line num="61" count="0" type="stmt"/>
        <line num="62" count="0" type="stmt"/>
        <line num="63" count="7" type="stmt"/>
        <line num="64" count="7" type="stmt"/>
        <line num="66" count="6" type="stmt"/>
        <line num="67" count="6" type="stmt"/>
        <line num="68" count="6" type="stmt"/>
        <line num="69" count="6" type="stmt"/>
        <line num="70" count="6" type="stmt"/>
        <line num="71" count="6" type="stmt"/>
        <line num="72" count="6" type="stmt"/>
        <line num="73" count="6" type="stmt"/>
        <line num="74" count="6" type="stmt"/>
        <line num="75" count="6" type="stmt"/>
        <line num="76" count="6" type="cond" truecount="1" falsecount="0"/>
        <line num="77" count="3" type="stmt"/>
        <line num="78" count="3" type="stmt"/>
        <line num="80" count="3" type="stmt"/>
        <line num="81" count="3" type="cond" truecount="1" falsecount="0"/>
        <line num="82" count="1" type="stmt"/>
        <line num="83" count="1" type="stmt"/>
        <line num="84" count="1" type="stmt"/>
        <line num="85" count="3" type="cond" truecount="1" falsecount="0"/>
        <line num="87" count="2" type="stmt"/>
        <line num="88" count="2" type="stmt"/>
        <line num="89" count="2" type="stmt"/>
        <line num="91" count="3" type="cond" truecount="1" falsecount="0"/>
        <line num="92" count="1" type="stmt"/>
        <line num="93" count="1" type="stmt"/>
        <line num="94" count="1" type="stmt"/>
        <line num="96" count="1" type="stmt"/>
        <line num="97" count="1" type="stmt"/>
        <line num="98" count="1" type="stmt"/>
        <line num="99" count="1" type="stmt"/>
        <line num="100" count="1" type="stmt"/>
        <line num="101" count="1" type="stmt"/>
        <line num="102" count="1" type="stmt"/>
        <line num="103" count="3" type="stmt"/>
        <line num="104" count="3" type="cond" truecount="0" falsecount="1"/>
        <line num="105" count="0" type="stmt"/>
        <line num="106" count="0" type="stmt"/>
        <line num="107" count="3" type="stmt"/>
        <line num="108" count="6" type="stmt"/>
        <line num="110" count="6" type="stmt"/>
        <line num="111" count="6" type="stmt"/>
        <line num="112" count="6" type="stmt"/>
        <line num="113" count="6" type="stmt"/>
        <line num="114" count="6" type="stmt"/>
        <line num="115" count="6" type="stmt"/>
        <line num="116" count="6" type="stmt"/>
        <line num="117" count="6" type="stmt"/>
        <line num="118" count="6" type="stmt"/>
        <line num="119" count="6" type="stmt"/>
        <line num="120" count="6" type="stmt"/>
        <line num="121" count="6" type="stmt"/>
        <line num="122" count="6" type="stmt"/>
        <line num="123" count="6" type="stmt"/>
        <line num="124" count="6" type="stmt"/>
        <line num="125" count="6" type="stmt"/>
        <line num="126" count="6" type="stmt"/>
        <line num="127" count="6" type="cond" truecount="1" falsecount="0"/>
        <line num="128" count="2" type="stmt"/>
        <line num="129" count="2" type="stmt"/>
        <line num="130" count="2" type="stmt"/>
        <line num="132" count="2" type="cond" truecount="1" falsecount="0"/>
        <line num="133" count="1" type="stmt"/>
        <line num="134" count="1" type="stmt"/>
        <line num="135" count="1" type="stmt"/>
        <line num="136" count="1" type="stmt"/>
        <line num="137" count="1" type="stmt"/>
        <line num="138" count="1" type="stmt"/>
        <line num="140" count="1" type="stmt"/>
        <line num="141" count="1" type="stmt"/>
        <line num="142" count="1" type="stmt"/>
        <line num="144" count="1" type="stmt"/>
        <line num="145" count="1" type="stmt"/>
        <line num="146" count="1" type="stmt"/>
        <line num="147" count="1" type="stmt"/>
        <line num="149" count="1" type="stmt"/>
        <line num="150" count="1" type="stmt"/>
        <line num="151" count="1" type="stmt"/>
        <line num="153" count="1" type="stmt"/>
        <line num="154" count="1" type="stmt"/>
        <line num="155" count="1" type="stmt"/>
        <line num="156" count="1" type="stmt"/>
        <line num="157" count="1" type="stmt"/>
        <line num="158" count="1" type="stmt"/>
        <line num="159" count="1" type="stmt"/>
        <line num="160" count="1" type="stmt"/>
        <line num="161" count="1" type="stmt"/>
        <line num="162" count="1" type="stmt"/>
        <line num="163" count="1" type="stmt"/>
        <line num="164" count="1" type="stmt"/>
        <line num="165" count="1" type="stmt"/>
        <line num="166" count="1" type="stmt"/>
        <line num="167" count="1" type="stmt"/>
        <line num="168" count="1" type="stmt"/>
        <line num="169" count="1" type="stmt"/>
        <line num="170" count="1" type="stmt"/>
        <line num="171" count="1" type="stmt"/>
        <line num="172" count="1" type="stmt"/>
        <line num="173" count="1" type="stmt"/>
        <line num="175" count="1" type="stmt"/>
        <line num="176" count="1" type="stmt"/>
        <line num="177" count="1" type="stmt"/>
        <line num="178" count="2" type="cond" truecount="0" falsecount="1"/>
        <line num="179" count="0" type="stmt"/>
        <line num="180" count="0" type="stmt"/>
        <line num="181" count="6" type="stmt"/>
        <line num="182" count="6" type="stmt"/>
        <line num="184" count="6" type="stmt"/>
        <line num="185" count="6" type="stmt"/>
        <line num="186" count="6" type="stmt"/>
        <line num="187" count="6" type="stmt"/>
        <line num="188" count="6" type="stmt"/>
        <line num="189" count="6" type="stmt"/>
        <line num="190" count="6" type="stmt"/>
        <line num="191" count="6" type="stmt"/>
        <line num="192" count="6" type="stmt"/>
        <line num="193" count="6" type="stmt"/>
        <line num="194" count="6" type="stmt"/>
        <line num="195" count="6" type="stmt"/>
        <line num="196" count="6" type="stmt"/>
        <line num="197" count="6" type="stmt"/>
        <line num="198" count="6" type="stmt"/>
        <line num="199" count="6" type="stmt"/>
        <line num="200" count="6" type="stmt"/>
        <line num="201" count="6" type="stmt"/>
        <line num="202" count="0" type="stmt"/>
        <line num="203" count="0" type="stmt"/>
        <line num="205" count="0" type="stmt"/>
        <line num="206" count="0" type="stmt"/>
        <line num="207" count="0" type="stmt"/>
        <line num="208" count="0" type="stmt"/>
        <line num="209" count="0" type="stmt"/>
        <line num="210" count="0" type="stmt"/>
        <line num="212" count="0" type="stmt"/>
        <line num="213" count="0" type="stmt"/>
        <line num="214" count="0" type="stmt"/>
        <line num="215" count="0" type="stmt"/>
        <line num="216" count="0" type="stmt"/>
        <line num="218" count="0" type="stmt"/>
        <line num="219" count="0" type="stmt"/>
        <line num="221" count="0" type="stmt"/>
        <line num="222" count="0" type="stmt"/>
        <line num="223" count="0" type="stmt"/>
        <line num="225" count="0" type="stmt"/>
        <line num="227" count="0" type="stmt"/>
        <line num="228" count="0" type="stmt"/>
        <line num="229" count="0" type="stmt"/>
        <line num="230" count="0" type="stmt"/>
        <line num="231" count="0" type="stmt"/>
        <line num="232" count="0" type="stmt"/>
        <line num="233" count="6" type="stmt"/>
        <line num="234" count="6" type="stmt"/>
        <line num="236" count="6" type="stmt"/>
        <line num="237" count="6" type="stmt"/>
        <line num="238" count="6" type="stmt"/>
        <line num="239" count="6" type="stmt"/>
        <line num="240" count="6" type="stmt"/>
        <line num="241" count="6" type="stmt"/>
        <line num="242" count="6" type="stmt"/>
        <line num="243" count="6" type="stmt"/>
        <line num="244" count="6" type="stmt"/>
        <line num="245" count="6" type="stmt"/>
        <line num="246" count="6" type="stmt"/>
        <line num="247" count="6" type="stmt"/>
        <line num="248" count="6" type="stmt"/>
        <line num="249" count="6" type="stmt"/>
        <line num="250" count="0" type="stmt"/>
        <line num="251" count="0" type="stmt"/>
        <line num="252" count="0" type="stmt"/>
        <line num="254" count="0" type="stmt"/>
        <line num="255" count="0" type="stmt"/>
        <line num="256" count="0" type="stmt"/>
        <line num="257" count="0" type="stmt"/>
        <line num="259" count="0" type="stmt"/>
        <line num="260" count="0" type="stmt"/>
        <line num="261" count="0" type="stmt"/>
        <line num="262" count="0" type="stmt"/>
        <line num="263" count="0" type="stmt"/>
        <line num="264" count="0" type="stmt"/>
        <line num="265" count="0" type="stmt"/>
        <line num="266" count="0" type="stmt"/>
        <line num="268" count="0" type="stmt"/>
        <line num="269" count="0" type="stmt"/>
        <line num="270" count="0" type="stmt"/>
        <line num="272" count="0" type="stmt"/>
        <line num="273" count="0" type="stmt"/>
        <line num="274" count="0" type="stmt"/>
        <line num="275" count="0" type="stmt"/>
        <line num="276" count="6" type="stmt"/>
        <line num="277" count="6" type="stmt"/>
        <line num="279" count="6" type="stmt"/>
        <line num="280" count="6" type="stmt"/>
        <line num="281" count="6" type="stmt"/>
        <line num="282" count="6" type="stmt"/>
        <line num="283" count="6" type="stmt"/>
        <line num="284" count="1" type="stmt"/>
        <line num="285" count="1" type="stmt"/>
      </file>
      <file name="health.controller.js" path="/Users/db/Documents/GitHub/EvolutFit/backEnd/src/api/controllers/health.controller.js">
        <metrics statements="99" coveredstatements="91" conditionals="10" coveredconditionals="5" methods="3" coveredmethods="3"/>
        <line num="1" count="6" type="cond" truecount="1" falsecount="0"/>
        <line num="2" count="6" type="stmt"/>
        <line num="3" count="6" type="stmt"/>
        <line num="4" count="6" type="stmt"/>
        <line num="5" count="6" type="stmt"/>
        <line num="7" count="6" type="stmt"/>
        <line num="9" count="6" type="stmt"/>
        <line num="10" count="6" type="stmt"/>
        <line num="11" count="6" type="stmt"/>
        <line num="12" count="6" type="stmt"/>
        <line num="13" count="6" type="stmt"/>
        <line num="14" count="6" type="stmt"/>
        <line num="15" count="6" type="stmt"/>
        <line num="16" count="6" type="stmt"/>
        <line num="17" count="6" type="stmt"/>
        <line num="18" count="6" type="stmt"/>
        <line num="19" count="6" type="stmt"/>
        <line num="20" count="6" type="stmt"/>
        <line num="21" count="6" type="stmt"/>
        <line num="22" count="6" type="cond" truecount="1" falsecount="0"/>
        <line num="23" count="3" type="stmt"/>
        <line num="24" count="3" type="stmt"/>
        <line num="26" count="3" type="stmt"/>
        <line num="27" count="3" type="stmt"/>
        <line num="28" count="3" type="cond" truecount="0" falsecount="1"/>
        <line num="29" count="0" type="stmt"/>
        <line num="30" count="0" type="stmt"/>
        <line num="31" count="0" type="stmt"/>
        <line num="32" count="0" type="stmt"/>
        <line num="34" count="3" type="stmt"/>
        <line num="35" count="3" type="stmt"/>
        <line num="36" count="3" type="stmt"/>
        <line num="37" count="3" type="stmt"/>
        <line num="39" count="3" type="stmt"/>
        <line num="40" count="3" type="stmt"/>
        <line num="41" count="3" type="cond" truecount="0" falsecount="1"/>
        <line num="42" count="0" type="stmt"/>
        <line num="43" count="0" type="stmt"/>
        <line num="44" count="3" type="stmt"/>
        <line num="45" count="3" type="stmt"/>
        <line num="47" count="6" type="stmt"/>
        <line num="48" count="6" type="stmt"/>
        <line num="49" count="6" type="stmt"/>
        <line num="50" count="6" type="stmt"/>
        <line num="51" count="6" type="stmt"/>
        <line num="52" count="6" type="stmt"/>
        <line num="53" count="6" type="stmt"/>
        <line num="54" count="6" type="stmt"/>
        <line num="55" count="6" type="stmt"/>
        <line num="56" count="6" type="stmt"/>
        <line num="57" count="6" type="stmt"/>
        <line num="58" count="6" type="stmt"/>
        <line num="59" count="6" type="stmt"/>
        <line num="60" count="6" type="stmt"/>
        <line num="61" count="6" type="cond" truecount="1" falsecount="0"/>
        <line num="62" count="2" type="stmt"/>
        <line num="63" count="2" type="stmt"/>
        <line num="64" count="2" type="stmt"/>
        <line num="65" count="2" type="stmt"/>
        <line num="67" count="2" type="stmt"/>
        <line num="68" count="2" type="stmt"/>
        <line num="69" count="2" type="cond" truecount="0" falsecount="1"/>
        <line num="70" count="2" type="cond" truecount="0" falsecount="1"/>
        <line num="71" count="0" type="stmt"/>
        <line num="72" count="2" type="stmt"/>
        <line num="73" count="2" type="stmt"/>
        <line num="75" count="6" type="stmt"/>
        <line num="76" count="6" type="stmt"/>
        <line num="77" count="6" type="stmt"/>
        <line num="78" count="6" type="stmt"/>
        <line num="79" count="6" type="stmt"/>
        <line num="80" count="6" type="stmt"/>
        <line num="81" count="6" type="stmt"/>
        <line num="82" count="6" type="stmt"/>
        <line num="83" count="6" type="stmt"/>
        <line num="84" count="6" type="stmt"/>
        <line num="85" count="6" type="stmt"/>
        <line num="86" count="6" type="cond" truecount="1" falsecount="0"/>
        <line num="87" count="2" type="stmt"/>
        <line num="88" count="2" type="stmt"/>
        <line num="89" count="2" type="stmt"/>
        <line num="90" count="2" type="stmt"/>
        <line num="91" count="2" type="stmt"/>
        <line num="92" count="2" type="stmt"/>
        <line num="93" count="2" type="stmt"/>
        <line num="94" count="2" type="stmt"/>
        <line num="96" count="2" type="cond" truecount="1" falsecount="0"/>
        <line num="97" count="1" type="stmt"/>
        <line num="98" count="1" type="stmt"/>
        <line num="100" count="1" type="stmt"/>
        <line num="101" count="2" type="cond" truecount="0" falsecount="1"/>
        <line num="102" count="0" type="stmt"/>
        <line num="103" count="2" type="stmt"/>
        <line num="104" count="6" type="stmt"/>
        <line num="106" count="6" type="stmt"/>
        <line num="107" count="6" type="stmt"/>
        <line num="108" count="6" type="stmt"/>
        <line num="109" count="6" type="stmt"/>
        <line num="110" count="6" type="stmt"/>
      </file>
      <file name="rm.controller.js" path="/Users/db/Documents/GitHub/EvolutFit/backEnd/src/api/controllers/rm.controller.js">
        <metrics statements="188" coveredstatements="177" conditionals="10" coveredconditionals="5" methods="4" coveredmethods="4"/>
        <line num="1" count="1" type="stmt"/>
        <line num="2" count="1" type="stmt"/>
        <line num="3" count="1" type="stmt"/>
        <line num="4" count="1" type="stmt"/>
        <line num="6" count="1" type="stmt"/>
        <line num="8" count="1" type="stmt"/>
        <line num="9" count="1" type="stmt"/>
        <line num="10" count="1" type="stmt"/>
        <line num="11" count="1" type="stmt"/>
        <line num="12" count="1" type="stmt"/>
        <line num="13" count="1" type="stmt"/>
        <line num="14" count="1" type="stmt"/>
        <line num="15" count="1" type="stmt"/>
        <line num="16" count="1" type="stmt"/>
        <line num="17" count="1" type="stmt"/>
        <line num="18" count="1" type="stmt"/>
        <line num="19" count="1" type="stmt"/>
        <line num="20" count="1" type="stmt"/>
        <line num="21" count="1" type="stmt"/>
        <line num="22" count="1" type="stmt"/>
        <line num="23" count="1" type="stmt"/>
        <line num="24" count="1" type="cond" truecount="1" falsecount="0"/>
        <line num="25" count="6" type="stmt"/>
        <line num="26" count="6" type="stmt"/>
        <line num="27" count="6" type="stmt"/>
        <line num="29" count="6" type="stmt"/>
        <line num="30" count="6" type="stmt"/>
        <line num="31" count="6" type="stmt"/>
        <line num="32" count="6" type="stmt"/>
        <line num="33" count="6" type="stmt"/>
        <line num="34" count="6" type="stmt"/>
        <line num="36" count="6" type="stmt"/>
        <line num="37" count="6" type="stmt"/>
        <line num="38" count="6" type="stmt"/>
        <line num="39" count="6" type="cond" truecount="1" falsecount="0"/>
        <line num="41" count="6" type="stmt"/>
        <line num="42" count="6" type="stmt"/>
        <line num="43" count="6" type="stmt"/>
        <line num="44" count="6" type="stmt"/>
        <line num="45" count="6" type="stmt"/>
        <line num="46" count="6" type="stmt"/>
        <line num="48" count="6" type="stmt"/>
        <line num="49" count="6" type="stmt"/>
        <line num="51" count="6" type="stmt"/>
        <line num="52" count="6" type="stmt"/>
        <line num="53" count="6" type="stmt"/>
        <line num="54" count="6" type="stmt"/>
        <line num="55" count="6" type="stmt"/>
        <line num="56" count="6" type="stmt"/>
        <line num="57" count="6" type="cond" truecount="0" falsecount="1"/>
        <line num="58" count="0" type="stmt"/>
        <line num="59" count="0" type="stmt"/>
        <line num="60" count="0" type="stmt"/>
        <line num="61" count="0" type="stmt"/>
        <line num="62" count="6" type="stmt"/>
        <line num="64" count="1" type="stmt"/>
        <line num="65" count="1" type="stmt"/>
        <line num="66" count="1" type="stmt"/>
        <line num="67" count="1" type="stmt"/>
        <line num="68" count="1" type="stmt"/>
        <line num="69" count="1" type="stmt"/>
        <line num="70" count="1" type="stmt"/>
        <line num="71" count="1" type="stmt"/>
        <line num="72" count="1" type="stmt"/>
        <line num="73" count="1" type="stmt"/>
        <line num="74" count="1" type="cond" truecount="1" falsecount="0"/>
        <line num="75" count="1" type="stmt"/>
        <line num="76" count="1" type="stmt"/>
        <line num="77" count="1" type="stmt"/>
        <line num="78" count="1" type="stmt"/>
        <line num="80" count="1" type="stmt"/>
        <line num="81" count="1" type="stmt"/>
        <line num="82" count="1" type="stmt"/>
        <line num="83" count="1" type="stmt"/>
        <line num="84" count="1" type="stmt"/>
        <line num="85" count="1" type="stmt"/>
        <line num="86" count="1" type="stmt"/>
        <line num="87" count="1" type="stmt"/>
        <line num="89" count="1" type="stmt"/>
        <line num="90" count="1" type="stmt"/>
        <line num="91" count="1" type="stmt"/>
        <line num="92" count="1" type="stmt"/>
        <line num="93" count="1" type="stmt"/>
        <line num="94" count="1" type="stmt"/>
        <line num="95" count="1" type="stmt"/>
        <line num="96" count="1" type="cond" truecount="0" falsecount="1"/>
        <line num="97" count="0" type="stmt"/>
        <line num="98" count="0" type="stmt"/>
        <line num="99" count="1" type="stmt"/>
        <line num="101" count="1" type="stmt"/>
        <line num="102" count="1" type="stmt"/>
        <line num="103" count="1" type="stmt"/>
        <line num="104" count="1" type="stmt"/>
        <line num="105" count="1" type="stmt"/>
        <line num="106" count="1" type="stmt"/>
        <line num="107" count="1" type="stmt"/>
        <line num="108" count="1" type="stmt"/>
        <line num="109" count="1" type="stmt"/>
        <line num="110" count="1" type="stmt"/>
        <line num="111" count="1" type="stmt"/>
        <line num="112" count="1" type="stmt"/>
        <line num="113" count="1" type="stmt"/>
        <line num="114" count="1" type="stmt"/>
        <line num="115" count="1" type="stmt"/>
        <line num="116" count="1" type="stmt"/>
        <line num="117" count="1" type="cond" truecount="1" falsecount="0"/>
        <line num="118" count="1" type="stmt"/>
        <line num="119" count="1" type="stmt"/>
        <line num="120" count="1" type="stmt"/>
        <line num="121" count="1" type="stmt"/>
        <line num="122" count="1" type="stmt"/>
        <line num="123" count="1" type="stmt"/>
        <line num="124" count="1" type="stmt"/>
        <line num="125" count="1" type="cond" truecount="0" falsecount="1"/>
        <line num="126" count="0" type="stmt"/>
        <line num="127" count="0" type="stmt"/>
        <line num="128" count="1" type="stmt"/>
        <line num="130" count="1" type="stmt"/>
        <line num="131" count="1" type="stmt"/>
        <line num="132" count="1" type="stmt"/>
        <line num="133" count="1" type="stmt"/>
        <line num="134" count="1" type="stmt"/>
        <line num="135" count="1" type="stmt"/>
        <line num="136" count="1" type="stmt"/>
        <line num="137" count="1" type="stmt"/>
        <line num="138" count="1" type="stmt"/>
        <line num="139" count="1" type="stmt"/>
        <line num="140" count="1" type="stmt"/>
        <line num="141" count="1" type="stmt"/>
        <line num="142" count="1" type="stmt"/>
        <line num="143" count="1" type="stmt"/>
        <line num="144" count="1" type="stmt"/>
        <line num="145" count="1" type="stmt"/>
        <line num="146" count="1" type="stmt"/>
        <line num="147" count="1" type="stmt"/>
        <line num="148" count="1" type="cond" truecount="1" falsecount="0"/>
        <line num="149" count="1" type="stmt"/>
        <line num="150" count="1" type="stmt"/>
        <line num="151" count="1" type="stmt"/>
        <line num="152" count="1" type="stmt"/>
        <line num="154" count="1" type="stmt"/>
        <line num="155" count="1" type="stmt"/>
        <line num="156" count="1" type="stmt"/>
        <line num="157" count="1" type="stmt"/>
        <line num="158" count="1" type="stmt"/>
        <line num="159" count="1" type="stmt"/>
        <line num="160" count="1" type="stmt"/>
        <line num="161" count="1" type="stmt"/>
        <line num="162" count="1" type="stmt"/>
        <line num="163" count="1" type="stmt"/>
        <line num="164" count="1" type="stmt"/>
        <line num="165" count="1" type="stmt"/>
        <line num="166" count="1" type="stmt"/>
        <line num="167" count="1" type="stmt"/>
        <line num="168" count="1" type="stmt"/>
        <line num="169" count="1" type="stmt"/>
        <line num="170" count="1" type="stmt"/>
        <line num="171" count="1" type="stmt"/>
        <line num="172" count="1" type="stmt"/>
        <line num="173" count="1" type="stmt"/>
        <line num="174" count="1" type="stmt"/>
        <line num="175" count="1" type="stmt"/>
        <line num="176" count="1" type="stmt"/>
        <line num="177" count="1" type="stmt"/>
        <line num="178" count="1" type="stmt"/>
        <line num="179" count="1" type="stmt"/>
        <line num="181" count="1" type="stmt"/>
        <line num="182" count="1" type="stmt"/>
        <line num="183" count="1" type="stmt"/>
        <line num="184" count="1" type="stmt"/>
        <line num="185" count="1" type="stmt"/>
        <line num="186" count="1" type="stmt"/>
        <line num="187" count="1" type="stmt"/>
        <line num="188" count="1" type="stmt"/>
        <line num="190" count="1" type="cond" truecount="0" falsecount="1"/>
        <line num="192" count="1" type="stmt"/>
        <line num="193" count="1" type="stmt"/>
        <line num="194" count="1" type="stmt"/>
        <line num="195" count="1" type="stmt"/>
        <line num="196" count="1" type="stmt"/>
        <line num="197" count="1" type="stmt"/>
        <line num="198" count="1" type="stmt"/>
        <line num="199" count="1" type="cond" truecount="0" falsecount="1"/>
        <line num="200" count="0" type="stmt"/>
        <line num="201" count="0" type="stmt"/>
        <line num="202" count="0" type="stmt"/>
        <line num="203" count="1" type="stmt"/>
        <line num="205" count="1" type="stmt"/>
      </file>
      <file name="social.controller.js" path="/Users/db/Documents/GitHub/EvolutFit/backEnd/src/api/controllers/social.controller.js">
        <metrics statements="229" coveredstatements="213" conditionals="20" coveredconditionals="11" methods="5" coveredmethods="5"/>
        <line num="1" count="6" type="cond" truecount="1" falsecount="0"/>
        <line num="2" count="6" type="stmt"/>
        <line num="3" count="6" type="stmt"/>
        <line num="4" count="6" type="stmt"/>
        <line num="6" count="6" type="stmt"/>
        <line num="8" count="6" type="stmt"/>
        <line num="9" count="6" type="stmt"/>
        <line num="10" count="6" type="stmt"/>
        <line num="11" count="6" type="stmt"/>
        <line num="12" count="6" type="stmt"/>
        <line num="13" count="6" type="stmt"/>
        <line num="14" count="6" type="stmt"/>
        <line num="15" count="6" type="stmt"/>
        <line num="16" count="6" type="stmt"/>
        <line num="17" count="6" type="stmt"/>
        <line num="18" count="6" type="stmt"/>
        <line num="19" count="6" type="stmt"/>
        <line num="20" count="6" type="stmt"/>
        <line num="21" count="6" type="stmt"/>
        <line num="22" count="6" type="stmt"/>
        <line num="23" count="6" type="stmt"/>
        <line num="24" count="6" type="stmt"/>
        <line num="25" count="6" type="stmt"/>
        <line num="26" count="6" type="stmt"/>
        <line num="27" count="6" type="stmt"/>
        <line num="28" count="6" type="stmt"/>
        <line num="29" count="6" type="stmt"/>
        <line num="30" count="6" type="stmt"/>
        <line num="31" count="6" type="stmt"/>
        <line num="32" count="6" type="stmt"/>
        <line num="33" count="6" type="stmt"/>
        <line num="34" count="6" type="stmt"/>
        <line num="35" count="6" type="cond" truecount="1" falsecount="0"/>
        <line num="36" count="2" type="stmt"/>
        <line num="38" count="2" type="stmt"/>
        <line num="39" count="2" type="stmt"/>
        <line num="40" count="2" type="stmt"/>
        <line num="42" count="2" type="stmt"/>
        <line num="44" count="2" type="cond" truecount="1" falsecount="0"/>
        <line num="46" count="2" type="cond" truecount="0" falsecount="1"/>
        <line num="47" count="0" type="stmt"/>
        <line num="48" count="0" type="stmt"/>
        <line num="49" count="0" type="stmt"/>
        <line num="50" count="0" type="stmt"/>
        <line num="51" count="0" type="stmt"/>
        <line num="52" count="0" type="stmt"/>
        <line num="53" count="0" type="stmt"/>
        <line num="55" count="2" type="stmt"/>
        <line num="56" count="2" type="stmt"/>
        <line num="57" count="2" type="stmt"/>
        <line num="58" count="2" type="stmt"/>
        <line num="59" count="2" type="cond" truecount="0" falsecount="1"/>
        <line num="60" count="2" type="stmt"/>
        <line num="61" count="2" type="cond" truecount="0" falsecount="1"/>
        <line num="63" count="2" type="stmt"/>
        <line num="64" count="2" type="stmt"/>
        <line num="65" count="2" type="stmt"/>
        <line num="66" count="2" type="stmt"/>
        <line num="67" count="2" type="stmt"/>
        <line num="68" count="2" type="stmt"/>
        <line num="69" count="2" type="stmt"/>
        <line num="70" count="2" type="stmt"/>
        <line num="71" count="2" type="stmt"/>
        <line num="72" count="2" type="stmt"/>
        <line num="73" count="2" type="stmt"/>
        <line num="74" count="2" type="stmt"/>
        <line num="75" count="2" type="stmt"/>
        <line num="76" count="2" type="stmt"/>
        <line num="77" count="2" type="stmt"/>
        <line num="78" count="2" type="stmt"/>
        <line num="79" count="2" type="stmt"/>
        <line num="80" count="2" type="stmt"/>
        <line num="81" count="2" type="stmt"/>
        <line num="82" count="2" type="stmt"/>
        <line num="83" count="2" type="stmt"/>
        <line num="85" count="2" type="stmt"/>
        <line num="86" count="2" type="stmt"/>
        <line num="87" count="2" type="stmt"/>
        <line num="88" count="2" type="stmt"/>
        <line num="89" count="2" type="stmt"/>
        <line num="91" count="2" type="stmt"/>
        <line num="92" count="2" type="stmt"/>
        <line num="93" count="2" type="stmt"/>
        <line num="94" count="2" type="stmt"/>
        <line num="95" count="2" type="stmt"/>
        <line num="96" count="2" type="stmt"/>
        <line num="97" count="2" type="stmt"/>
        <line num="98" count="2" type="cond" truecount="0" falsecount="1"/>
        <line num="99" count="0" type="stmt"/>
        <line num="100" count="2" type="stmt"/>
        <line num="101" count="2" type="stmt"/>
        <line num="103" count="6" type="stmt"/>
        <line num="104" count="6" type="stmt"/>
        <line num="105" count="6" type="stmt"/>
        <line num="106" count="6" type="stmt"/>
        <line num="107" count="6" type="stmt"/>
        <line num="108" count="6" type="stmt"/>
        <line num="109" count="6" type="stmt"/>
        <line num="110" count="6" type="stmt"/>
        <line num="111" count="6" type="stmt"/>
        <line num="112" count="6" type="stmt"/>
        <line num="113" count="6" type="cond" truecount="1" falsecount="0"/>
        <line num="114" count="9" type="stmt"/>
        <line num="115" count="9" type="stmt"/>
        <line num="117" count="9" type="stmt"/>
        <line num="118" count="9" type="stmt"/>
        <line num="119" count="9" type="stmt"/>
        <line num="120" count="9" type="stmt"/>
        <line num="121" count="9" type="stmt"/>
        <line num="122" count="9" type="stmt"/>
        <line num="124" count="9" type="stmt"/>
        <line num="125" count="9" type="stmt"/>
        <line num="126" count="9" type="cond" truecount="0" falsecount="1"/>
        <line num="127" count="0" type="stmt"/>
        <line num="128" count="0" type="stmt"/>
        <line num="129" count="0" type="stmt"/>
        <line num="130" count="9" type="stmt"/>
        <line num="131" count="9" type="stmt"/>
        <line num="133" count="6" type="stmt"/>
        <line num="134" count="6" type="stmt"/>
        <line num="135" count="6" type="stmt"/>
        <line num="136" count="6" type="stmt"/>
        <line num="137" count="6" type="stmt"/>
        <line num="138" count="6" type="stmt"/>
        <line num="139" count="6" type="stmt"/>
        <line num="140" count="6" type="stmt"/>
        <line num="141" count="6" type="stmt"/>
        <line num="142" count="6" type="stmt"/>
        <line num="143" count="6" type="stmt"/>
        <line num="144" count="6" type="stmt"/>
        <line num="145" count="6" type="stmt"/>
        <line num="146" count="6" type="stmt"/>
        <line num="147" count="6" type="stmt"/>
        <line num="148" count="6" type="cond" truecount="1" falsecount="0"/>
        <line num="149" count="3" type="stmt"/>
        <line num="150" count="3" type="stmt"/>
        <line num="152" count="3" type="stmt"/>
        <line num="153" count="3" type="stmt"/>
        <line num="154" count="3" type="stmt"/>
        <line num="156" count="3" type="stmt"/>
        <line num="157" count="3" type="stmt"/>
        <line num="158" count="3" type="cond" truecount="1" falsecount="0"/>
        <line num="159" count="3" type="cond" truecount="1" falsecount="0"/>
        <line num="161" count="3" type="stmt"/>
        <line num="162" count="3" type="stmt"/>
        <line num="163" count="3" type="stmt"/>
        <line num="165" count="3" type="cond" truecount="0" falsecount="1"/>
        <line num="166" count="0" type="stmt"/>
        <line num="167" count="3" type="stmt"/>
        <line num="169" count="3" type="stmt"/>
        <line num="170" count="3" type="stmt"/>
        <line num="171" count="3" type="stmt"/>
        <line num="172" count="3" type="stmt"/>
        <line num="173" count="3" type="cond" truecount="0" falsecount="1"/>
        <line num="174" count="0" type="stmt"/>
        <line num="175" count="3" type="stmt"/>
        <line num="176" count="6" type="stmt"/>
        <line num="178" count="6" type="stmt"/>
        <line num="179" count="6" type="stmt"/>
        <line num="180" count="6" type="stmt"/>
        <line num="181" count="6" type="stmt"/>
        <line num="182" count="6" type="stmt"/>
        <line num="183" count="6" type="stmt"/>
        <line num="184" count="6" type="stmt"/>
        <line num="185" count="6" type="stmt"/>
        <line num="186" count="6" type="stmt"/>
        <line num="187" count="6" type="stmt"/>
        <line num="188" count="6" type="stmt"/>
        <line num="189" count="6" type="stmt"/>
        <line num="190" count="6" type="stmt"/>
        <line num="191" count="6" type="stmt"/>
        <line num="192" count="6" type="stmt"/>
        <line num="193" count="6" type="cond" truecount="1" falsecount="0"/>
        <line num="194" count="2" type="stmt"/>
        <line num="195" count="2" type="stmt"/>
        <line num="196" count="2" type="stmt"/>
        <line num="198" count="2" type="stmt"/>
        <line num="199" count="2" type="stmt"/>
        <line num="201" count="2" type="stmt"/>
        <line num="202" count="2" type="stmt"/>
        <line num="203" count="2" type="stmt"/>
        <line num="204" count="2" type="stmt"/>
        <line num="205" count="2" type="stmt"/>
        <line num="207" count="2" type="cond" truecount="1" falsecount="0"/>
        <line num="208" count="1" type="stmt"/>
        <line num="209" count="1" type="stmt"/>
        <line num="210" count="1" type="stmt"/>
        <line num="211" count="1" type="stmt"/>
        <line num="213" count="1" type="stmt"/>
        <line num="214" count="2" type="cond" truecount="0" falsecount="1"/>
        <line num="215" count="0" type="stmt"/>
        <line num="216" count="6" type="stmt"/>
        <line num="217" count="6" type="stmt"/>
        <line num="219" count="6" type="stmt"/>
        <line num="220" count="6" type="stmt"/>
        <line num="221" count="6" type="stmt"/>
        <line num="222" count="6" type="stmt"/>
        <line num="223" count="6" type="stmt"/>
        <line num="224" count="6" type="stmt"/>
        <line num="225" count="6" type="stmt"/>
        <line num="226" count="6" type="stmt"/>
        <line num="227" count="6" type="stmt"/>
        <line num="228" count="6" type="stmt"/>
        <line num="229" count="6" type="stmt"/>
        <line num="230" count="6" type="cond" truecount="1" falsecount="0"/>
        <line num="231" count="2" type="stmt"/>
        <line num="232" count="2" type="stmt"/>
        <line num="233" count="2" type="stmt"/>
        <line num="235" count="2" type="stmt"/>
        <line num="236" count="2" type="stmt"/>
        <line num="237" count="2" type="stmt"/>
        <line num="238" count="2" type="stmt"/>
        <line num="240" count="2" type="cond" truecount="1" falsecount="0"/>
        <line num="241" count="1" type="stmt"/>
        <line num="242" count="1" type="stmt"/>
        <line num="243" count="1" type="stmt"/>
        <line num="244" count="1" type="stmt"/>
        <line num="246" count="1" type="stmt"/>
        <line num="247" count="0" type="cond" truecount="0" falsecount="1"/>
        <line num="248" count="0" type="stmt"/>
        <line num="249" count="6" type="stmt"/>
        <line num="250" count="6" type="stmt"/>
        <line num="252" count="6" type="stmt"/>
        <line num="253" count="6" type="stmt"/>
        <line num="254" count="6" type="stmt"/>
        <line num="255" count="6" type="stmt"/>
        <line num="256" count="6" type="stmt"/>
        <line num="257" count="6" type="stmt"/>
        <line num="258" count="1" type="stmt"/>
      </file>
      <file name="user.controller.js" path="/Users/db/Documents/GitHub/EvolutFit/backEnd/src/api/controllers/user.controller.js">
        <metrics statements="177" coveredstatements="151" conditionals="17" coveredconditionals="8" methods="5" coveredmethods="5"/>
        <line num="1" count="6" type="cond" truecount="1" falsecount="0"/>
        <line num="2" count="6" type="stmt"/>
        <line num="3" count="6" type="stmt"/>
        <line num="4" count="6" type="stmt"/>
        <line num="6" count="6" type="stmt"/>
        <line num="7" count="6" type="stmt"/>
        <line num="9" count="6" type="stmt"/>
        <line num="10" count="6" type="stmt"/>
        <line num="11" count="6" type="stmt"/>
        <line num="12" count="6" type="stmt"/>
        <line num="13" count="6" type="stmt"/>
        <line num="14" count="6" type="stmt"/>
        <line num="15" count="6" type="stmt"/>
        <line num="16" count="6" type="stmt"/>
        <line num="17" count="6" type="cond" truecount="1" falsecount="0"/>
        <line num="18" count="1" type="stmt"/>
        <line num="19" count="1" type="stmt"/>
        <line num="20" count="1" type="cond" truecount="0" falsecount="1"/>
        <line num="21" count="0" type="stmt"/>
        <line num="22" count="0" type="stmt"/>
        <line num="23" count="0" type="stmt"/>
        <line num="24" count="1" type="stmt"/>
        <line num="25" count="1" type="cond" truecount="0" falsecount="1"/>
        <line num="26" count="0" type="stmt"/>
        <line num="27" count="1" type="stmt"/>
        <line num="28" count="1" type="stmt"/>
        <line num="30" count="6" type="stmt"/>
        <line num="31" count="6" type="stmt"/>
        <line num="32" count="6" type="stmt"/>
        <line num="33" count="6" type="stmt"/>
        <line num="34" count="6" type="stmt"/>
        <line num="35" count="6" type="stmt"/>
        <line num="36" count="6" type="stmt"/>
        <line num="37" count="6" type="stmt"/>
        <line num="38" count="6" type="stmt"/>
        <line num="39" count="6" type="stmt"/>
        <line num="40" count="6" type="cond" truecount="1" falsecount="0"/>
        <line num="41" count="2" type="stmt"/>
        <line num="42" count="2" type="stmt"/>
        <line num="43" count="2" type="stmt"/>
        <line num="44" count="2" type="cond" truecount="1" falsecount="0"/>
        <line num="45" count="1" type="stmt"/>
        <line num="46" count="1" type="stmt"/>
        <line num="47" count="1" type="stmt"/>
        <line num="48" count="2" type="cond" truecount="0" falsecount="1"/>
        <line num="49" count="0" type="stmt"/>
        <line num="50" count="2" type="stmt"/>
        <line num="51" count="6" type="stmt"/>
        <line num="53" count="6" type="stmt"/>
        <line num="54" count="6" type="stmt"/>
        <line num="55" count="6" type="stmt"/>
        <line num="56" count="6" type="stmt"/>
        <line num="57" count="6" type="stmt"/>
        <line num="58" count="6" type="stmt"/>
        <line num="59" count="6" type="stmt"/>
        <line num="60" count="6" type="stmt"/>
        <line num="61" count="6" type="stmt"/>
        <line num="62" count="6" type="stmt"/>
        <line num="63" count="6" type="stmt"/>
        <line num="64" count="6" type="stmt"/>
        <line num="65" count="6" type="stmt"/>
        <line num="66" count="6" type="stmt"/>
        <line num="67" count="6" type="stmt"/>
        <line num="68" count="6" type="stmt"/>
        <line num="69" count="6" type="stmt"/>
        <line num="70" count="6" type="cond" truecount="1" falsecount="0"/>
        <line num="71" count="1" type="stmt"/>
        <line num="72" count="1" type="stmt"/>
        <line num="74" count="1" type="stmt"/>
        <line num="75" count="1" type="stmt"/>
        <line num="76" count="1" type="stmt"/>
        <line num="77" count="1" type="stmt"/>
        <line num="78" count="1" type="stmt"/>
        <line num="79" count="1" type="stmt"/>
        <line num="80" count="1" type="stmt"/>
        <line num="81" count="1" type="stmt"/>
        <line num="83" count="1" type="cond" truecount="0" falsecount="1"/>
        <line num="84" count="0" type="stmt"/>
        <line num="85" count="0" type="stmt"/>
        <line num="86" count="0" type="stmt"/>
        <line num="87" count="0" type="stmt"/>
        <line num="88" count="1" type="stmt"/>
        <line num="90" count="1" type="stmt"/>
        <line num="91" count="1" type="stmt"/>
        <line num="92" count="1" type="stmt"/>
        <line num="93" count="1" type="stmt"/>
        <line num="94" count="1" type="cond" truecount="0" falsecount="1"/>
        <line num="95" count="0" type="stmt"/>
        <line num="96" count="0" type="stmt"/>
        <line num="97" count="0" type="stmt"/>
        <line num="98" count="0" type="stmt"/>
        <line num="99" count="0" type="stmt"/>
        <line num="100" count="6" type="stmt"/>
        <line num="101" count="6" type="stmt"/>
        <line num="103" count="6" type="stmt"/>
        <line num="104" count="6" type="stmt"/>
        <line num="105" count="6" type="stmt"/>
        <line num="106" count="6" type="stmt"/>
        <line num="107" count="6" type="stmt"/>
        <line num="108" count="6" type="stmt"/>
        <line num="109" count="6" type="stmt"/>
        <line num="110" count="6" type="stmt"/>
        <line num="111" count="6" type="stmt"/>
        <line num="112" count="6" type="stmt"/>
        <line num="113" count="6" type="stmt"/>
        <line num="114" count="6" type="stmt"/>
        <line num="115" count="6" type="stmt"/>
        <line num="116" count="6" type="stmt"/>
        <line num="117" count="6" type="cond" truecount="1" falsecount="0"/>
        <line num="118" count="2" type="stmt"/>
        <line num="119" count="2" type="stmt"/>
        <line num="120" count="2" type="stmt"/>
        <line num="122" count="2" type="stmt"/>
        <line num="123" count="2" type="stmt"/>
        <line num="124" count="2" type="cond" truecount="0" falsecount="1"/>
        <line num="125" count="0" type="stmt"/>
        <line num="126" count="2" type="stmt"/>
        <line num="128" count="2" type="stmt"/>
        <line num="129" count="2" type="stmt"/>
        <line num="131" count="2" type="cond" truecount="1" falsecount="0"/>
        <line num="132" count="1" type="stmt"/>
        <line num="133" count="1" type="stmt"/>
        <line num="134" count="1" type="stmt"/>
        <line num="135" count="1" type="stmt"/>
        <line num="136" count="1" type="stmt"/>
        <line num="138" count="1" type="stmt"/>
        <line num="139" count="1" type="stmt"/>
        <line num="140" count="1" type="stmt"/>
        <line num="142" count="1" type="cond" truecount="0" falsecount="1"/>
        <line num="143" count="0" type="stmt"/>
        <line num="144" count="0" type="stmt"/>
        <line num="145" count="0" type="stmt"/>
        <line num="146" count="2" type="stmt"/>
        <line num="147" count="6" type="stmt"/>
        <line num="148" count="6" type="stmt"/>
        <line num="150" count="6" type="stmt"/>
        <line num="151" count="6" type="stmt"/>
        <line num="152" count="6" type="stmt"/>
        <line num="153" count="6" type="stmt"/>
        <line num="154" count="6" type="stmt"/>
        <line num="155" count="6" type="stmt"/>
        <line num="156" count="6" type="stmt"/>
        <line num="157" count="6" type="stmt"/>
        <line num="158" count="6" type="stmt"/>
        <line num="159" count="6" type="stmt"/>
        <line num="160" count="6" type="stmt"/>
        <line num="161" count="6" type="stmt"/>
        <line num="162" count="6" type="stmt"/>
        <line num="163" count="6" type="stmt"/>
        <line num="164" count="6" type="cond" truecount="1" falsecount="0"/>
        <line num="165" count="1" type="stmt"/>
        <line num="166" count="1" type="stmt"/>
        <line num="168" count="1" type="stmt"/>
        <line num="170" count="1" type="cond" truecount="0" falsecount="1"/>
        <line num="171" count="0" type="stmt"/>
        <line num="172" count="0" type="stmt"/>
        <line num="173" count="0" type="stmt"/>
        <line num="174" count="0" type="stmt"/>
        <line num="175" count="1" type="stmt"/>
        <line num="177" count="1" type="stmt"/>
        <line num="178" count="1" type="stmt"/>
        <line num="179" count="1" type="stmt"/>
        <line num="180" count="1" type="cond" truecount="0" falsecount="1"/>
        <line num="181" count="0" type="stmt"/>
        <line num="182" count="0" type="stmt"/>
        <line num="183" count="0" type="stmt"/>
        <line num="184" count="0" type="stmt"/>
        <line num="185" count="1" type="stmt"/>
        <line num="186" count="6" type="stmt"/>
        <line num="187" count="6" type="stmt"/>
        <line num="189" count="6" type="stmt"/>
        <line num="190" count="6" type="stmt"/>
        <line num="191" count="6" type="stmt"/>
        <line num="192" count="6" type="stmt"/>
        <line num="193" count="6" type="stmt"/>
        <line num="194" count="1" type="stmt"/>
        <line num="195" count="1" type="stmt"/>
      </file>
      <file name="workout.controller.js" path="/Users/db/Documents/GitHub/EvolutFit/backEnd/src/api/controllers/workout.controller.js">
        <metrics statements="260" coveredstatements="239" conditionals="17" coveredconditionals="11" methods="6" coveredmethods="6"/>
        <line num="1" count="6" type="cond" truecount="1" falsecount="0"/>
        <line num="2" count="6" type="stmt"/>
        <line num="3" count="6" type="stmt"/>
        <line num="4" count="6" type="stmt"/>
        <line num="5" count="6" type="stmt"/>
        <line num="7" count="6" type="stmt"/>
        <line num="8" count="6" type="stmt"/>
        <line num="10" count="6" type="stmt"/>
        <line num="11" count="6" type="stmt"/>
        <line num="12" count="6" type="stmt"/>
        <line num="13" count="6" type="stmt"/>
        <line num="14" count="6" type="stmt"/>
        <line num="15" count="6" type="stmt"/>
        <line num="16" count="6" type="stmt"/>
        <line num="17" count="6" type="stmt"/>
        <line num="18" count="6" type="stmt"/>
        <line num="19" count="6" type="stmt"/>
        <line num="20" count="6" type="cond" truecount="1" falsecount="0"/>
        <line num="21" count="6" type="stmt"/>
        <line num="22" count="6" type="stmt"/>
        <line num="23" count="6" type="stmt"/>
        <line num="24" count="6" type="stmt"/>
        <line num="25" count="6" type="stmt"/>
        <line num="26" count="6" type="stmt"/>
        <line num="27" count="6" type="stmt"/>
        <line num="29" count="6" type="stmt"/>
        <line num="30" count="6" type="stmt"/>
        <line num="31" count="6" type="cond" truecount="0" falsecount="1"/>
        <line num="32" count="0" type="stmt"/>
        <line num="33" count="0" type="stmt"/>
        <line num="34" count="0" type="stmt"/>
        <line num="35" count="0" type="stmt"/>
        <line num="36" count="6" type="stmt"/>
        <line num="38" count="6" type="stmt"/>
        <line num="39" count="6" type="stmt"/>
        <line num="40" count="6" type="stmt"/>
        <line num="41" count="6" type="stmt"/>
        <line num="42" count="6" type="stmt"/>
        <line num="43" count="6" type="stmt"/>
        <line num="44" count="6" type="stmt"/>
        <line num="45" count="6" type="stmt"/>
        <line num="46" count="6" type="stmt"/>
        <line num="47" count="6" type="stmt"/>
        <line num="48" count="6" type="stmt"/>
        <line num="49" count="6" type="stmt"/>
        <line num="50" count="6" type="stmt"/>
        <line num="51" count="6" type="stmt"/>
        <line num="52" count="6" type="cond" truecount="1" falsecount="0"/>
        <line num="53" count="1" type="stmt"/>
        <line num="54" count="1" type="stmt"/>
        <line num="55" count="1" type="stmt"/>
        <line num="56" count="1" type="stmt"/>
        <line num="58" count="1" type="stmt"/>
        <line num="59" count="1" type="stmt"/>
        <line num="60" count="1" type="stmt"/>
        <line num="61" count="1" type="stmt"/>
        <line num="63" count="1" type="stmt"/>
        <line num="64" count="1" type="stmt"/>
        <line num="66" count="1" type="stmt"/>
        <line num="67" count="1" type="stmt"/>
        <line num="68" count="1" type="stmt"/>
        <line num="69" count="1" type="stmt"/>
        <line num="70" count="1" type="stmt"/>
        <line num="71" count="1" type="stmt"/>
        <line num="72" count="1" type="cond" truecount="0" falsecount="1"/>
        <line num="73" count="0" type="stmt"/>
        <line num="74" count="0" type="stmt"/>
        <line num="75" count="0" type="stmt"/>
        <line num="76" count="0" type="stmt"/>
        <line num="77" count="1" type="stmt"/>
        <line num="79" count="6" type="stmt"/>
        <line num="80" count="6" type="stmt"/>
        <line num="81" count="6" type="stmt"/>
        <line num="82" count="6" type="stmt"/>
        <line num="83" count="6" type="stmt"/>
        <line num="84" count="6" type="stmt"/>
        <line num="85" count="6" type="stmt"/>
        <line num="86" count="6" type="stmt"/>
        <line num="87" count="6" type="stmt"/>
        <line num="88" count="6" type="stmt"/>
        <line num="89" count="6" type="cond" truecount="1" falsecount="0"/>
        <line num="90" count="2" type="stmt"/>
        <line num="91" count="2" type="stmt"/>
        <line num="92" count="2" type="stmt"/>
        <line num="93" count="2" type="stmt"/>
        <line num="95" count="2" type="cond" truecount="1" falsecount="0"/>
        <line num="96" count="1" type="stmt"/>
        <line num="97" count="1" type="stmt"/>
        <line num="98" count="1" type="stmt"/>
        <line num="99" count="2" type="cond" truecount="0" falsecount="1"/>
        <line num="100" count="0" type="stmt"/>
        <line num="101" count="0" type="stmt"/>
        <line num="102" count="0" type="stmt"/>
        <line num="103" count="2" type="stmt"/>
        <line num="104" count="2" type="stmt"/>
        <line num="106" count="6" type="stmt"/>
        <line num="107" count="6" type="stmt"/>
        <line num="108" count="6" type="stmt"/>
        <line num="109" count="6" type="stmt"/>
        <line num="110" count="6" type="stmt"/>
        <line num="111" count="6" type="stmt"/>
        <line num="112" count="6" type="stmt"/>
        <line num="113" count="6" type="stmt"/>
        <line num="114" count="6" type="stmt"/>
        <line num="115" count="6" type="stmt"/>
        <line num="116" count="6" type="stmt"/>
        <line num="117" count="6" type="cond" truecount="1" falsecount="0"/>
        <line num="118" count="2" type="stmt"/>
        <line num="119" count="2" type="stmt"/>
        <line num="120" count="2" type="stmt"/>
        <line num="121" count="2" type="stmt"/>
        <line num="122" count="2" type="stmt"/>
        <line num="123" count="2" type="stmt"/>
        <line num="125" count="2" type="cond" truecount="1" falsecount="0"/>
        <line num="126" count="1" type="stmt"/>
        <line num="127" count="1" type="stmt"/>
        <line num="128" count="1" type="stmt"/>
        <line num="129" count="1" type="stmt"/>
        <line num="130" count="1" type="stmt"/>
        <line num="131" count="2" type="cond" truecount="0" falsecount="1"/>
        <line num="132" count="0" type="stmt"/>
        <line num="133" count="0" type="stmt"/>
        <line num="134" count="0" type="stmt"/>
        <line num="135" count="2" type="stmt"/>
        <line num="136" count="6" type="stmt"/>
        <line num="138" count="6" type="stmt"/>
        <line num="139" count="6" type="stmt"/>
        <line num="140" count="6" type="stmt"/>
        <line num="141" count="6" type="stmt"/>
        <line num="142" count="6" type="stmt"/>
        <line num="143" count="6" type="stmt"/>
        <line num="144" count="6" type="stmt"/>
        <line num="145" count="6" type="stmt"/>
        <line num="146" count="6" type="stmt"/>
        <line num="147" count="6" type="stmt"/>
        <line num="148" count="6" type="stmt"/>
        <line num="149" count="6" type="stmt"/>
        <line num="150" count="6" type="stmt"/>
        <line num="151" count="6" type="stmt"/>
        <line num="152" count="6" type="stmt"/>
        <line num="153" count="6" type="stmt"/>
        <line num="154" count="6" type="stmt"/>
        <line num="155" count="6" type="cond" truecount="1" falsecount="0"/>
        <line num="156" count="1" type="stmt"/>
        <line num="157" count="1" type="stmt"/>
        <line num="159" count="1" type="stmt"/>
        <line num="160" count="1" type="stmt"/>
        <line num="161" count="1" type="stmt"/>
        <line num="162" count="1" type="stmt"/>
        <line num="163" count="1" type="stmt"/>
        <line num="164" count="1" type="stmt"/>
        <line num="165" count="1" type="stmt"/>
        <line num="166" count="1" type="stmt"/>
        <line num="167" count="1" type="stmt"/>
        <line num="168" count="1" type="stmt"/>
        <line num="169" count="1" type="stmt"/>
        <line num="170" count="1" type="stmt"/>
        <line num="171" count="1" type="stmt"/>
        <line num="172" count="1" type="stmt"/>
        <line num="173" count="1" type="stmt"/>
        <line num="174" count="1" type="stmt"/>
        <line num="175" count="1" type="stmt"/>
        <line num="176" count="1" type="stmt"/>
        <line num="177" count="1" type="stmt"/>
        <line num="178" count="1" type="stmt"/>
        <line num="179" count="1" type="stmt"/>
        <line num="180" count="1" type="stmt"/>
        <line num="181" count="1" type="stmt"/>
        <line num="183" count="1" type="stmt"/>
        <line num="184" count="1" type="stmt"/>
        <line num="185" count="1" type="stmt"/>
        <line num="186" count="1" type="stmt"/>
        <line num="187" count="1" type="stmt"/>
        <line num="188" count="1" type="stmt"/>
        <line num="189" count="1" type="stmt"/>
        <line num="190" count="1" type="stmt"/>
        <line num="191" count="1" type="stmt"/>
        <line num="192" count="1" type="stmt"/>
        <line num="193" count="1" type="stmt"/>
        <line num="194" count="1" type="stmt"/>
        <line num="195" count="1" type="stmt"/>
        <line num="196" count="1" type="stmt"/>
        <line num="197" count="1" type="stmt"/>
        <line num="198" count="1" type="stmt"/>
        <line num="199" count="1" type="stmt"/>
        <line num="200" count="1" type="stmt"/>
        <line num="201" count="1" type="stmt"/>
        <line num="202" count="1" type="stmt"/>
        <line num="203" count="1" type="stmt"/>
        <line num="204" count="1" type="stmt"/>
        <line num="205" count="1" type="stmt"/>
        <line num="206" count="1" type="stmt"/>
        <line num="207" count="1" type="stmt"/>
        <line num="208" count="1" type="stmt"/>
        <line num="210" count="1" type="stmt"/>
        <line num="211" count="1" type="stmt"/>
        <line num="212" count="1" type="stmt"/>
        <line num="213" count="1" type="stmt"/>
        <line num="214" count="1" type="cond" truecount="0" falsecount="1"/>
        <line num="215" count="0" type="stmt"/>
        <line num="216" count="0" type="stmt"/>
        <line num="217" count="0" type="stmt"/>
        <line num="218" count="1" type="stmt"/>
        <line num="219" count="6" type="stmt"/>
        <line num="221" count="6" type="stmt"/>
        <line num="222" count="6" type="stmt"/>
        <line num="223" count="6" type="stmt"/>
        <line num="224" count="6" type="stmt"/>
        <line num="225" count="6" type="stmt"/>
        <line num="226" count="6" type="stmt"/>
        <line num="227" count="6" type="stmt"/>
        <line num="228" count="6" type="stmt"/>
        <line num="229" count="6" type="stmt"/>
        <line num="230" count="6" type="stmt"/>
        <line num="231" count="6" type="stmt"/>
        <line num="232" count="6" type="stmt"/>
        <line num="233" count="6" type="stmt"/>
        <line num="234" count="6" type="stmt"/>
        <line num="235" count="6" type="stmt"/>
        <line num="236" count="6" type="stmt"/>
        <line num="237" count="6" type="stmt"/>
        <line num="238" count="6" type="cond" truecount="1" falsecount="0"/>
        <line num="239" count="2" type="stmt"/>
        <line num="240" count="2" type="stmt"/>
        <line num="242" count="2" type="stmt"/>
        <line num="243" count="2" type="stmt"/>
        <line num="244" count="2" type="stmt"/>
        <line num="245" count="2" type="stmt"/>
        <line num="246" count="2" type="stmt"/>
        <line num="247" count="2" type="stmt"/>
        <line num="248" count="2" type="stmt"/>
        <line num="249" count="2" type="stmt"/>
        <line num="250" count="2" type="stmt"/>
        <line num="251" count="2" type="stmt"/>
        <line num="252" count="2" type="stmt"/>
        <line num="253" count="2" type="stmt"/>
        <line num="254" count="2" type="stmt"/>
        <line num="255" count="2" type="stmt"/>
        <line num="256" count="2" type="stmt"/>
        <line num="257" count="2" type="stmt"/>
        <line num="258" count="2" type="stmt"/>
        <line num="259" count="2" type="stmt"/>
        <line num="261" count="2" type="stmt"/>
        <line num="262" count="2" type="cond" truecount="2" falsecount="0"/>
        <line num="264" count="2" type="stmt"/>
        <line num="265" count="2" type="cond" truecount="0" falsecount="1"/>
        <line num="266" count="0" type="stmt"/>
        <line num="267" count="0" type="stmt"/>
        <line num="268" count="0" type="stmt"/>
        <line num="269" count="0" type="stmt"/>
        <line num="270" count="2" type="stmt"/>
        <line num="271" count="6" type="stmt"/>
        <line num="273" count="6" type="stmt"/>
        <line num="274" count="6" type="stmt"/>
        <line num="275" count="6" type="stmt"/>
        <line num="276" count="6" type="stmt"/>
        <line num="277" count="6" type="stmt"/>
        <line num="278" count="6" type="stmt"/>
        <line num="279" count="6" type="stmt"/>
        <line num="280" count="6" type="stmt"/>
      </file>
    </package>
    <package name="api.models">
      <metrics statements="416" coveredstatements="416" conditionals="5" coveredconditionals="4" methods="0" coveredmethods="0"/>
      <file name="User.model.js" path="/Users/db/Documents/GitHub/EvolutFit/backEnd/src/api/models/User.model.js">
        <metrics statements="110" coveredstatements="110" conditionals="5" coveredconditionals="4" methods="0" coveredmethods="0"/>
        <line num="1" count="1" type="stmt"/>
        <line num="2" count="1" type="stmt"/>
        <line num="3" count="1" type="stmt"/>
        <line num="4" count="1" type="stmt"/>
        <line num="6" count="1" type="stmt"/>
        <line num="7" count="1" type="stmt"/>
        <line num="9" count="1" type="stmt"/>
        <line num="11" count="1" type="stmt"/>
        <line num="12" count="1" type="stmt"/>
        <line num="13" count="1" type="stmt"/>
        <line num="14" count="1" type="stmt"/>
        <line num="15" count="1" type="stmt"/>
        <line num="16" count="1" type="stmt"/>
        <line num="17" count="1" type="stmt"/>
        <line num="18" count="1" type="stmt"/>
        <line num="19" count="1" type="stmt"/>
        <line num="20" count="1" type="stmt"/>
        <line num="21" count="1" type="stmt"/>
        <line num="23" count="1" type="stmt"/>
        <line num="24" count="1" type="stmt"/>
        <line num="25" count="1" type="stmt"/>
        <line num="26" count="1" type="stmt"/>
        <line num="27" count="1" type="stmt"/>
        <line num="28" count="1" type="stmt"/>
        <line num="29" count="1" type="stmt"/>
        <line num="30" count="1" type="stmt"/>
        <line num="31" count="1" type="stmt"/>
        <line num="32" count="1" type="stmt"/>
        <line num="33" count="1" type="stmt"/>
        <line num="34" count="1" type="stmt"/>
        <line num="35" count="1" type="stmt"/>
        <line num="36" count="1" type="stmt"/>
        <line num="37" count="1" type="stmt"/>
        <line num="38" count="1" type="stmt"/>
        <line num="39" count="1" type="stmt"/>
        <line num="40" count="1" type="stmt"/>
        <line num="41" count="1" type="stmt"/>
        <line num="42" count="1" type="stmt"/>
        <line num="43" count="1" type="stmt"/>
        <line num="44" count="1" type="stmt"/>
        <line num="45" count="1" type="stmt"/>
        <line num="46" count="1" type="stmt"/>
        <line num="47" count="1" type="stmt"/>
        <line num="48" count="1" type="stmt"/>
        <line num="49" count="1" type="stmt"/>
        <line num="50" count="1" type="stmt"/>
        <line num="51" count="1" type="stmt"/>
        <line num="52" count="1" type="stmt"/>
        <line num="53" count="1" type="stmt"/>
        <line num="54" count="1" type="stmt"/>
        <line num="55" count="1" type="stmt"/>
        <line num="56" count="1" type="stmt"/>
        <line num="57" count="1" type="stmt"/>
        <line num="58" count="1" type="stmt"/>
        <line num="59" count="1" type="stmt"/>
        <line num="60" count="1" type="stmt"/>
        <line num="61" count="1" type="stmt"/>
        <line num="62" count="1" type="stmt"/>
        <line num="63" count="1" type="stmt"/>
        <line num="64" count="1" type="stmt"/>
        <line num="65" count="1" type="stmt"/>
        <line num="66" count="1" type="stmt"/>
        <line num="67" count="1" type="stmt"/>
        <line num="68" count="1" type="stmt"/>
        <line num="69" count="1" type="stmt"/>
        <line num="70" count="1" type="stmt"/>
        <line num="71" count="1" type="stmt"/>
        <line num="72" count="1" type="stmt"/>
        <line num="73" count="1" type="stmt"/>
        <line num="74" count="1" type="stmt"/>
        <line num="75" count="1" type="stmt"/>
        <line num="76" count="1" type="stmt"/>
        <line num="77" count="1" type="stmt"/>
        <line num="78" count="1" type="stmt"/>
        <line num="79" count="1" type="stmt"/>
        <line num="80" count="1" type="stmt"/>
        <line num="81" count="1" type="stmt"/>
        <line num="82" count="1" type="stmt"/>
        <line num="83" count="1" type="stmt"/>
        <line num="84" count="1" type="stmt"/>
        <line num="85" count="1" type="stmt"/>
        <line num="86" count="1" type="stmt"/>
        <line num="88" count="1" type="stmt"/>
        <line num="89" count="1" type="stmt"/>
        <line num="90" count="1" type="stmt"/>
        <line num="91" count="1" type="stmt"/>
        <line num="92" count="1" type="stmt"/>
        <line num="93" count="1" type="stmt"/>
        <line num="94" count="1" type="stmt"/>
        <line num="95" count="1" type="stmt"/>
        <line num="96" count="1" type="stmt"/>
        <line num="97" count="1" type="stmt"/>
        <line num="98" count="1" type="stmt"/>
        <line num="99" count="1" type="stmt"/>
        <line num="100" count="1" type="cond" truecount="1" falsecount="0"/>
        <line num="101" count="46" type="stmt"/>
        <line num="102" count="46" type="cond" truecount="2" falsecount="0"/>
        <line num="104" count="45" type="stmt"/>
        <line num="105" count="46" type="cond" truecount="1" falsecount="1"/>
        <line num="107" count="45" type="stmt"/>
        <line num="108" count="45" type="stmt"/>
        <line num="109" count="45" type="stmt"/>
        <line num="110" count="45" type="stmt"/>
        <line num="111" count="1" type="stmt"/>
        <line num="113" count="1" type="stmt"/>
        <line num="114" count="1" type="stmt"/>
        <line num="115" count="1" type="stmt"/>
        <line num="116" count="1" type="stmt"/>
        <line num="117" count="1" type="stmt"/>
        <line num="119" count="1" type="stmt"/>
      </file>
      <file name="health.model.js" path="/Users/db/Documents/GitHub/EvolutFit/backEnd/src/api/models/health.model.js">
        <metrics statements="57" coveredstatements="57" conditionals="0" coveredconditionals="0" methods="0" coveredmethods="0"/>
        <line num="1" count="1" type="stmt"/>
        <line num="3" count="1" type="stmt"/>
        <line num="4" count="1" type="stmt"/>
        <line num="5" count="1" type="stmt"/>
        <line num="6" count="1" type="stmt"/>
        <line num="7" count="1" type="stmt"/>
        <line num="8" count="1" type="stmt"/>
        <line num="9" count="1" type="stmt"/>
        <line num="10" count="1" type="stmt"/>
        <line num="11" count="1" type="stmt"/>
        <line num="12" count="1" type="stmt"/>
        <line num="13" count="1" type="stmt"/>
        <line num="14" count="1" type="stmt"/>
        <line num="15" count="1" type="stmt"/>
        <line num="17" count="1" type="stmt"/>
        <line num="18" count="1" type="stmt"/>
        <line num="19" count="1" type="stmt"/>
        <line num="20" count="1" type="stmt"/>
        <line num="21" count="1" type="stmt"/>
        <line num="22" count="1" type="stmt"/>
        <line num="23" count="1" type="stmt"/>
        <line num="24" count="1" type="stmt"/>
        <line num="25" count="1" type="stmt"/>
        <line num="26" count="1" type="stmt"/>
        <line num="27" count="1" type="stmt"/>
        <line num="28" count="1" type="stmt"/>
        <line num="29" count="1" type="stmt"/>
        <line num="30" count="1" type="stmt"/>
        <line num="31" count="1" type="stmt"/>
        <line num="32" count="1" type="stmt"/>
        <line num="33" count="1" type="stmt"/>
        <line num="34" count="1" type="stmt"/>
        <line num="35" count="1" type="stmt"/>
        <line num="36" count="1" type="stmt"/>
        <line num="37" count="1" type="stmt"/>
        <line num="38" count="1" type="stmt"/>
        <line num="39" count="1" type="stmt"/>
        <line num="40" count="1" type="stmt"/>
        <line num="41" count="1" type="stmt"/>
        <line num="42" count="1" type="stmt"/>
        <line num="43" count="1" type="stmt"/>
        <line num="44" count="1" type="stmt"/>
        <line num="45" count="1" type="stmt"/>
        <line num="46" count="1" type="stmt"/>
        <line num="48" count="1" type="stmt"/>
        <line num="49" count="1" type="stmt"/>
        <line num="50" count="1" type="stmt"/>
        <line num="51" count="1" type="stmt"/>
        <line num="52" count="1" type="stmt"/>
        <line num="53" count="1" type="stmt"/>
        <line num="54" count="1" type="stmt"/>
        <line num="55" count="1" type="stmt"/>
        <line num="56" count="1" type="stmt"/>
        <line num="57" count="1" type="stmt"/>
        <line num="58" count="1" type="stmt"/>
        <line num="60" count="1" type="stmt"/>
        <line num="61" count="1" type="stmt"/>
      </file>
      <file name="rm.model.js" path="/Users/db/Documents/GitHub/EvolutFit/backEnd/src/api/models/rm.model.js">
        <metrics statements="65" coveredstatements="65" conditionals="0" coveredconditionals="0" methods="0" coveredmethods="0"/>
        <line num="1" count="1" type="stmt"/>
        <line num="2" count="1" type="stmt"/>
        <line num="3" count="1" type="stmt"/>
        <line num="4" count="1" type="stmt"/>
        <line num="5" count="1" type="stmt"/>
        <line num="6" count="1" type="stmt"/>
        <line num="7" count="1" type="stmt"/>
        <line num="8" count="1" type="stmt"/>
        <line num="9" count="1" type="stmt"/>
        <line num="10" count="1" type="stmt"/>
        <line num="11" count="1" type="stmt"/>
        <line num="12" count="1" type="stmt"/>
        <line num="13" count="1" type="stmt"/>
        <line num="14" count="1" type="stmt"/>
        <line num="15" count="1" type="stmt"/>
        <line num="16" count="1" type="stmt"/>
        <line num="17" count="1" type="stmt"/>
        <line num="18" count="1" type="stmt"/>
        <line num="20" count="1" type="stmt"/>
        <line num="22" count="1" type="stmt"/>
        <line num="23" count="1" type="stmt"/>
        <line num="24" count="1" type="stmt"/>
        <line num="25" count="1" type="stmt"/>
        <line num="26" count="1" type="stmt"/>
        <line num="27" count="1" type="stmt"/>
        <line num="28" count="1" type="stmt"/>
        <line num="29" count="1" type="stmt"/>
        <line num="30" count="1" type="stmt"/>
        <line num="31" count="1" type="stmt"/>
        <line num="32" count="1" type="stmt"/>
        <line num="33" count="1" type="stmt"/>
        <line num="34" count="1" type="stmt"/>
        <line num="35" count="1" type="stmt"/>
        <line num="36" count="1" type="stmt"/>
        <line num="37" count="1" type="stmt"/>
        <line num="38" count="1" type="stmt"/>
        <line num="39" count="1" type="stmt"/>
        <line num="41" count="1" type="stmt"/>
        <line num="42" count="1" type="stmt"/>
        <line num="44" count="1" type="stmt"/>
        <line num="45" count="1" type="stmt"/>
        <line num="47" count="1" type="stmt"/>
        <line num="48" count="1" type="stmt"/>
        <line num="50" count="1" type="stmt"/>
        <line num="51" count="1" type="stmt"/>
        <line num="53" count="1" type="stmt"/>
        <line num="54" count="1" type="stmt"/>
        <line num="56" count="1" type="stmt"/>
        <line num="57" count="1" type="stmt"/>
        <line num="58" count="1" type="stmt"/>
        <line num="60" count="1" type="stmt"/>
        <line num="61" count="1" type="stmt"/>
        <line num="62" count="1" type="stmt"/>
        <line num="63" count="1" type="stmt"/>
        <line num="64" count="1" type="stmt"/>
        <line num="65" count="1" type="stmt"/>
        <line num="66" count="1" type="stmt"/>
        <line num="67" count="1" type="stmt"/>
        <line num="68" count="1" type="stmt"/>
        <line num="70" count="1" type="stmt"/>
        <line num="71" count="1" type="stmt"/>
        <line num="72" count="1" type="stmt"/>
        <line num="73" count="1" type="stmt"/>
        <line num="74" count="1" type="stmt"/>
        <line num="76" count="1" type="stmt"/>
      </file>
      <file name="social.model.js" path="/Users/db/Documents/GitHub/EvolutFit/backEnd/src/api/models/social.model.js">
        <metrics statements="82" coveredstatements="82" conditionals="0" coveredconditionals="0" methods="0" coveredmethods="0"/>
        <line num="1" count="1" type="stmt"/>
        <line num="2" count="1" type="stmt"/>
        <line num="3" count="1" type="stmt"/>
        <line num="4" count="1" type="stmt"/>
        <line num="5" count="1" type="stmt"/>
        <line num="6" count="1" type="stmt"/>
        <line num="7" count="1" type="stmt"/>
        <line num="8" count="1" type="stmt"/>
        <line num="9" count="1" type="stmt"/>
        <line num="10" count="1" type="stmt"/>
        <line num="11" count="1" type="stmt"/>
        <line num="12" count="1" type="stmt"/>
        <line num="13" count="1" type="stmt"/>
        <line num="14" count="1" type="stmt"/>
        <line num="15" count="1" type="stmt"/>
        <line num="17" count="1" type="stmt"/>
        <line num="18" count="1" type="stmt"/>
        <line num="19" count="1" type="stmt"/>
        <line num="21" count="1" type="stmt"/>
        <line num="22" count="1" type="stmt"/>
        <line num="23" count="1" type="stmt"/>
        <line num="24" count="1" type="stmt"/>
        <line num="25" count="1" type="stmt"/>
        <line num="26" count="1" type="stmt"/>
        <line num="27" count="1" type="stmt"/>
        <line num="28" count="1" type="stmt"/>
        <line num="29" count="1" type="stmt"/>
        <line num="30" count="1" type="stmt"/>
        <line num="31" count="1" type="stmt"/>
        <line num="32" count="1" type="stmt"/>
        <line num="33" count="1" type="stmt"/>
        <line num="34" count="1" type="stmt"/>
        <line num="35" count="1" type="stmt"/>
        <line num="36" count="1" type="stmt"/>
        <line num="37" count="1" type="stmt"/>
        <line num="38" count="1" type="stmt"/>
        <line num="39" count="1" type="stmt"/>
        <line num="41" count="1" type="stmt"/>
        <line num="42" count="1" type="stmt"/>
        <line num="43" count="1" type="stmt"/>
        <line num="44" count="1" type="stmt"/>
        <line num="45" count="1" type="stmt"/>
        <line num="47" count="1" type="stmt"/>
        <line num="48" count="1" type="stmt"/>
        <line num="49" count="1" type="stmt"/>
        <line num="50" count="1" type="stmt"/>
        <line num="52" count="1" type="stmt"/>
        <line num="53" count="1" type="stmt"/>
        <line num="54" count="1" type="stmt"/>
        <line num="55" count="1" type="stmt"/>
        <line num="56" count="1" type="stmt"/>
        <line num="57" count="1" type="stmt"/>
        <line num="58" count="1" type="stmt"/>
        <line num="59" count="1" type="stmt"/>
        <line num="60" count="1" type="stmt"/>
        <line num="61" count="1" type="stmt"/>
        <line num="62" count="1" type="stmt"/>
        <line num="63" count="1" type="stmt"/>
        <line num="65" count="1" type="stmt"/>
        <line num="66" count="1" type="stmt"/>
        <line num="67" count="1" type="stmt"/>
        <line num="68" count="1" type="stmt"/>
        <line num="69" count="1" type="stmt"/>
        <line num="70" count="1" type="stmt"/>
        <line num="71" count="1" type="stmt"/>
        <line num="72" count="1" type="stmt"/>
        <line num="73" count="1" type="stmt"/>
        <line num="74" count="1" type="stmt"/>
        <line num="75" count="1" type="stmt"/>
        <line num="76" count="1" type="stmt"/>
        <line num="77" count="1" type="stmt"/>
        <line num="78" count="1" type="stmt"/>
        <line num="79" count="1" type="stmt"/>
        <line num="80" count="1" type="stmt"/>
        <line num="81" count="1" type="stmt"/>
        <line num="82" count="1" type="stmt"/>
        <line num="83" count="1" type="stmt"/>
        <line num="85" count="1" type="stmt"/>
        <line num="86" count="1" type="stmt"/>
        <line num="87" count="1" type="stmt"/>
        <line num="88" count="1" type="stmt"/>
        <line num="90" count="1" type="stmt"/>
      </file>
      <file name="workout.model.js" path="/Users/db/Documents/GitHub/EvolutFit/backEnd/src/api/models/workout.model.js">
        <metrics statements="102" coveredstatements="102" conditionals="0" coveredconditionals="0" methods="0" coveredmethods="0"/>
        <line num="1" count="1" type="stmt"/>
        <line num="2" count="1" type="stmt"/>
        <line num="3" count="1" type="stmt"/>
        <line num="4" count="1" type="stmt"/>
        <line num="5" count="1" type="stmt"/>
        <line num="6" count="1" type="stmt"/>
        <line num="7" count="1" type="stmt"/>
        <line num="8" count="1" type="stmt"/>
        <line num="9" count="1" type="stmt"/>
        <line num="10" count="1" type="stmt"/>
        <line num="11" count="1" type="stmt"/>
        <line num="13" count="1" type="stmt"/>
        <line num="14" count="1" type="stmt"/>
        <line num="16" count="1" type="stmt"/>
        <line num="17" count="1" type="stmt"/>
        <line num="18" count="1" type="stmt"/>
        <line num="19" count="1" type="stmt"/>
        <line num="20" count="1" type="stmt"/>
        <line num="22" count="1" type="stmt"/>
        <line num="23" count="1" type="stmt"/>
        <line num="24" count="1" type="stmt"/>
        <line num="25" count="1" type="stmt"/>
        <line num="26" count="1" type="stmt"/>
        <line num="27" count="1" type="stmt"/>
        <line num="29" count="1" type="stmt"/>
        <line num="30" count="1" type="stmt"/>
        <line num="31" count="1" type="stmt"/>
        <line num="32" count="1" type="stmt"/>
        <line num="33" count="1" type="stmt"/>
        <line num="34" count="1" type="stmt"/>
        <line num="35" count="1" type="stmt"/>
        <line num="37" count="1" type="stmt"/>
        <line num="38" count="1" type="stmt"/>
        <line num="39" count="1" type="stmt"/>
        <line num="40" count="1" type="stmt"/>
        <line num="41" count="1" type="stmt"/>
[...]
        <line num="17" count="1" type="stmt"/>
        <line num="19" count="1" type="stmt"/>
        <line num="21" count="1" type="stmt"/>
        <line num="22" count="1" type="stmt"/>
        <line num="23" count="1" type="stmt"/>
        <line num="24" count="1" type="stmt"/>
        <line num="25" count="1" type="stmt"/>
        <line num="26" count="1" type="stmt"/>
        <line num="27" count="1" type="stmt"/>
        <line num="28" count="1" type="stmt"/>
        <line num="29" count="1" type="stmt"/>
        <line num="31" count="1" type="stmt"/>
        <line num="32" count="1" type="stmt"/>
        <line num="33" count="1" type="stmt"/>
        <line num="34" count="1" type="stmt"/>
        <line num="35" count="1" type="stmt"/>
        <line num="36" count="1" type="stmt"/>
        <line num="37" count="1" type="stmt"/>
        <line num="38" count="1" type="stmt"/>
        <line num="40" count="1" type="stmt"/>
        <line num="41" count="1" type="stmt"/>
        <line num="42" count="1" type="stmt"/>
        <line num="43" count="1" type="stmt"/>
        <line num="44" count="1" type="stmt"/>
        <line num="46" count="1" type="stmt"/>
        <line num="47" count="1" type="stmt"/>
        <line num="48" count="1" type="stmt"/>
        <line num="49" count="1" type="stmt"/>
        <line num="51" count="1" type="stmt"/>
        <line num="52" count="1" type="stmt"/>
        <line num="53" count="1" type="stmt"/>
        <line num="54" count="1" type="stmt"/>
        <line num="56" count="1" type="stmt"/>
        <line num="57" count="1" type="stmt"/>
        <line num="58" count="1" type="stmt"/>
        <line num="59" count="1" type="stmt"/>
        <line num="60" count="1" type="stmt"/>
        <line num="61" count="1" type="stmt"/>
        <line num="63" count="1" type="stmt"/>
        <line num="64" count="1" type="stmt"/>
        <line num="65" count="1" type="stmt"/>
      </file>
      <file name="rmValidator.js" path="/Users/db/Documents/GitHub/EvolutFit/backEnd/src/validators/rmValidator.js">
        <metrics statements="66" coveredstatements="66" conditionals="1" coveredconditionals="1" methods="0" coveredmethods="0"/>
        <line num="1" count="1" type="stmt"/>
        <line num="2" count="1" type="stmt"/>
        <line num="3" count="1" type="stmt"/>
        <line num="4" count="1" type="stmt"/>
        <line num="5" count="1" type="stmt"/>
        <line num="6" count="1" type="stmt"/>
        <line num="7" count="1" type="stmt"/>
        <line num="8" count="1" type="stmt"/>
        <line num="9" count="1" type="stmt"/>
        <line num="10" count="1" type="stmt"/>
        <line num="11" count="1" type="stmt"/>
        <line num="12" count="1" type="stmt"/>
        <line num="13" count="1" type="stmt"/>
        <line num="15" count="1" type="stmt"/>
        <line num="16" count="1" type="stmt"/>
        <line num="18" count="1" type="stmt"/>
        <line num="19" count="1" type="stmt"/>
        <line num="20" count="1" type="stmt"/>
        <line num="21" count="1" type="stmt"/>
        <line num="22" count="1" type="stmt"/>
        <line num="23" count="1" type="stmt"/>
        <line num="24" count="1" type="stmt"/>
        <line num="26" count="1" type="stmt"/>
        <line num="27" count="1" type="stmt"/>
        <line num="28" count="1" type="stmt"/>
        <line num="29" count="1" type="stmt"/>
        <line num="31" count="1" type="stmt"/>
        <line num="32" count="1" type="stmt"/>
        <line num="33" count="1" type="stmt"/>
        <line num="34" count="1" type="stmt"/>
        <line num="35" count="1" type="stmt"/>
        <line num="36" count="1" type="stmt"/>
        <line num="37" count="1" type="stmt"/>
        <line num="38" count="1" type="stmt"/>
        <line num="39" count="1" type="stmt"/>
        <line num="40" count="1" type="stmt"/>
        <line num="42" count="1" type="stmt"/>
        <line num="43" count="1" type="stmt"/>
        <line num="44" count="1" type="stmt"/>
        <line num="45" count="1" type="stmt"/>
        <line num="46" count="1" type="stmt"/>
        <line num="47" count="1" type="stmt"/>
        <line num="48" count="1" type="stmt"/>
        <line num="49" count="1" type="stmt"/>
        <line num="51" count="1" type="stmt"/>
        <line num="52" count="1" type="stmt"/>
        <line num="53" count="1" type="stmt"/>
        <line num="54" count="1" type="stmt"/>
        <line num="55" count="1" type="stmt"/>
        <line num="56" count="1" type="stmt"/>
        <line num="58" count="1" type="stmt"/>
        <line num="59" count="1" type="stmt"/>
        <line num="60" count="1" type="stmt"/>
        <line num="61" count="1" type="stmt"/>
        <line num="62" count="1" type="stmt"/>
        <line num="64" count="1" type="stmt"/>
        <line num="65" count="1" type="stmt"/>
        <line num="66" count="1" type="stmt"/>
        <line num="67" count="1" type="stmt"/>
        <line num="68" count="1" type="stmt"/>
        <line num="69" count="1" type="cond" truecount="1" falsecount="0"/>
        <line num="70" count="1" type="stmt"/>
        <line num="71" count="1" type="stmt"/>
        <line num="73" count="1" type="stmt"/>
        <line num="74" count="1" type="stmt"/>
        <line num="75" count="1" type="stmt"/>
      </file>
      <file name="socialValidator.js" path="/Users/db/Documents/GitHub/EvolutFit/backEnd/src/validators/socialValidator.js">
        <metrics statements="103" coveredstatements="103" conditionals="0" coveredconditionals="0" methods="0" coveredmethods="0"/>
        <line num="1" count="1" type="stmt"/>
        <line num="2" count="1" type="stmt"/>
        <line num="3" count="1" type="stmt"/>
        <line num="4" count="1" type="stmt"/>
        <line num="5" count="1" type="stmt"/>
        <line num="6" count="1" type="stmt"/>
        <line num="7" count="1" type="stmt"/>
        <line num="8" count="1" type="stmt"/>
        <line num="9" count="1" type="stmt"/>
        <line num="10" count="1" type="stmt"/>
        <line num="11" count="1" type="stmt"/>
        <line num="12" count="1" type="stmt"/>
        <line num="13" count="1" type="stmt"/>
        <line num="14" count="1" type="stmt"/>
        <line num="16" count="1" type="stmt"/>
        <line num="17" count="1" type="stmt"/>
        <line num="19" count="1" type="stmt"/>
        <line num="20" count="1" type="stmt"/>
        <line num="21" count="1" type="stmt"/>
        <line num="22" count="1" type="stmt"/>
        <line num="23" count="1" type="stmt"/>
        <line num="24" count="1" type="stmt"/>
        <line num="25" count="1" type="stmt"/>
        <line num="26" count="1" type="stmt"/>
        <line num="28" count="1" type="stmt"/>
        <line num="29" count="1" type="stmt"/>
        <line num="30" count="1" type="stmt"/>
        <line num="31" count="1" type="stmt"/>
        <line num="32" count="1" type="stmt"/>
        <line num="33" count="1" type="stmt"/>
        <line num="34" count="1" type="stmt"/>
        <line num="35" count="1" type="stmt"/>
        <line num="36" count="1" type="stmt"/>
        <line num="37" count="1" type="stmt"/>
        <line num="38" count="1" type="stmt"/>
        <line num="40" count="1" type="stmt"/>
        <line num="41" count="1" type="stmt"/>
        <line num="42" count="1" type="stmt"/>
        <line num="43" count="1" type="stmt"/>
        <line num="44" count="1" type="stmt"/>
        <line num="45" count="1" type="stmt"/>
        <line num="46" count="1" type="stmt"/>
        <line num="47" count="1" type="stmt"/>
        <line num="49" count="1" type="stmt"/>
        <line num="50" count="1" type="stmt"/>
        <line num="51" count="1" type="stmt"/>
        <line num="52" count="1" type="stmt"/>
        <line num="53" count="1" type="stmt"/>
        <line num="54" count="1" type="stmt"/>
        <line num="55" count="1" type="stmt"/>
        <line num="56" count="1" type="stmt"/>
        <line num="57" count="1" type="stmt"/>
        <line num="58" count="1" type="stmt"/>
        <line num="59" count="1" type="stmt"/>
        <line num="61" count="1" type="stmt"/>
        <line num="62" count="1" type="stmt"/>
        <line num="63" count="1" type="stmt"/>
        <line num="64" count="1" type="stmt"/>
        <line num="65" count="1" type="stmt"/>
        <line num="66" count="1" type="stmt"/>
        <line num="67" count="1" type="stmt"/>
        <line num="68" count="1" type="stmt"/>
        <line num="69" count="1" type="stmt"/>
        <line num="70" count="1" type="stmt"/>
        <line num="71" count="1" type="stmt"/>
        <line num="72" count="1" type="stmt"/>
        <line num="74" count="1" type="stmt"/>
        <line num="75" count="1" type="stmt"/>
        <line num="76" count="1" type="stmt"/>
        <line num="77" count="1" type="stmt"/>
        <line num="78" count="1" type="stmt"/>
        <line num="80" count="1" type="stmt"/>
        <line num="81" count="1" type="stmt"/>
        <line num="82" count="1" type="stmt"/>
        <line num="83" count="1" type="stmt"/>
        <line num="84" count="1" type="stmt"/>
        <line num="86" count="1" type="stmt"/>
        <line num="87" count="1" type="stmt"/>
        <line num="88" count="1" type="stmt"/>
        <line num="89" count="1" type="stmt"/>
        <line num="90" count="1" type="stmt"/>
        <line num="91" count="1" type="stmt"/>
        <line num="93" count="1" type="stmt"/>
        <line num="94" count="1" type="stmt"/>
        <line num="95" count="1" type="stmt"/>
        <line num="96" count="1" type="stmt"/>
        <line num="97" count="1" type="stmt"/>
        <line num="98" count="1" type="stmt"/>
        <line num="99" count="1" type="stmt"/>
        <line num="100" count="1" type="stmt"/>
        <line num="101" count="1" type="stmt"/>
        <line num="103" count="1" type="stmt"/>
        <line num="104" count="1" type="stmt"/>
        <line num="105" count="1" type="stmt"/>
        <line num="106" count="1" type="stmt"/>
        <line num="107" count="1" type="stmt"/>
        <line num="108" count="1" type="stmt"/>
        <line num="110" count="1" type="stmt"/>
        <line num="111" count="1" type="stmt"/>
        <line num="112" count="1" type="stmt"/>
        <line num="113" count="1" type="stmt"/>
        <line num="114" count="1" type="stmt"/>
        <line num="115" count="1" type="stmt"/>
      </file>
      <file name="userValidator.js" path="/Users/db/Documents/GitHub/EvolutFit/backEnd/src/validators/userValidator.js">
        <metrics statements="100" coveredstatements="100" conditionals="0" coveredconditionals="0" methods="0" coveredmethods="0"/>
        <line num="1" count="1" type="stmt"/>
        <line num="2" count="1" type="stmt"/>
        <line num="3" count="1" type="stmt"/>
        <line num="4" count="1" type="stmt"/>
        <line num="5" count="1" type="stmt"/>
        <line num="6" count="1" type="stmt"/>
        <line num="7" count="1" type="stmt"/>
        <line num="8" count="1" type="stmt"/>
        <line num="9" count="1" type="stmt"/>
        <line num="10" count="1" type="stmt"/>
        <line num="11" count="1" type="stmt"/>
        <line num="12" count="1" type="stmt"/>
        <line num="13" count="1" type="stmt"/>
        <line num="14" count="1" type="stmt"/>
        <line num="15" count="1" type="stmt"/>
        <line num="17" count="1" type="stmt"/>
        <line num="19" count="1" type="stmt"/>
        <line num="20" count="1" type="stmt"/>
        <line num="21" count="1" type="stmt"/>
        <line num="22" count="1" type="stmt"/>
        <line num="23" count="1" type="stmt"/>
        <line num="24" count="1" type="stmt"/>
        <line num="25" count="1" type="stmt"/>
        <line num="26" count="1" type="stmt"/>
        <line num="27" count="1" type="stmt"/>
        <line num="28" count="1" type="stmt"/>
        <line num="29" count="1" type="stmt"/>
        <line num="30" count="1" type="stmt"/>
        <line num="31" count="1" type="stmt"/>
        <line num="32" count="1" type="stmt"/>
        <line num="34" count="1" type="stmt"/>
        <line num="35" count="1" type="stmt"/>
        <line num="36" count="1" type="stmt"/>
        <line num="37" count="1" type="stmt"/>
        <line num="38" count="1" type="stmt"/>
        <line num="39" count="1" type="stmt"/>
        <line num="40" count="1" type="stmt"/>
        <line num="41" count="1" type="stmt"/>
        <line num="43" count="1" type="stmt"/>
        <line num="44" count="1" type="stmt"/>
        <line num="45" count="1" type="stmt"/>
        <line num="46" count="1" type="stmt"/>
        <line num="47" count="1" type="stmt"/>
        <line num="48" count="1" type="stmt"/>
        <line num="49" count="1" type="stmt"/>
        <line num="50" count="1" type="stmt"/>
        <line num="52" count="1" type="stmt"/>
        <line num="53" count="1" type="stmt"/>
        <line num="54" count="1" type="stmt"/>
        <line num="55" count="1" type="stmt"/>
        <line num="56" count="1" type="stmt"/>
        <line num="57" count="1" type="stmt"/>
        <line num="58" count="1" type="stmt"/>
        <line num="60" count="1" type="stmt"/>
        <line num="61" count="1" type="stmt"/>
        <line num="62" count="1" type="stmt"/>
        <line num="63" count="1" type="stmt"/>
        <line num="64" count="1" type="stmt"/>
        <line num="65" count="1" type="stmt"/>
        <line num="66" count="1" type="stmt"/>
        <line num="68" count="1" type="stmt"/>
        <line num="69" count="1" type="stmt"/>
        <line num="70" count="1" type="stmt"/>
        <line num="71" count="1" type="stmt"/>
        <line num="72" count="1" type="stmt"/>
        <line num="73" count="1" type="stmt"/>
        <line num="74" count="1" type="stmt"/>
        <line num="75" count="1" type="stmt"/>
        <line num="76" count="1" type="stmt"/>
        <line num="77" count="1" type="stmt"/>
        <line num="79" count="1" type="stmt"/>
        <line num="80" count="1" type="stmt"/>
        <line num="81" count="1" type="stmt"/>
        <line num="82" count="1" type="stmt"/>
        <line num="83" count="1" type="stmt"/>
        <line num="84" count="1" type="stmt"/>
        <line num="85" count="1" type="stmt"/>
        <line num="87" count="1" type="stmt"/>
        <line num="88" count="1" type="stmt"/>
        <line num="89" count="1" type="stmt"/>
        <line num="90" count="1" type="stmt"/>
        <line num="91" count="1" type="stmt"/>
        <line num="92" count="1" type="stmt"/>
        <line num="93" count="1" type="stmt"/>
        <line num="94" count="1" type="stmt"/>
        <line num="95" count="1" type="stmt"/>
        <line num="97" count="1" type="stmt"/>
        <line num="98" count="1" type="stmt"/>
        <line num="99" count="1" type="stmt"/>
        <line num="100" count="1" type="stmt"/>
        <line num="101" count="1" type="stmt"/>
        <line num="102" count="1" type="stmt"/>
        <line num="103" count="1" type="stmt"/>
        <line num="105" count="1" type="stmt"/>
        <line num="106" count="1" type="stmt"/>
        <line num="107" count="1" type="stmt"/>
        <line num="108" count="1" type="stmt"/>
        <line num="109" count="1" type="stmt"/>
        <line num="110" count="1" type="stmt"/>
        <line num="111" count="1" type="stmt"/>
      </file>
      <file name="workoutValidator.js" path="/Users/db/Documents/GitHub/EvolutFit/backEnd/src/validators/workoutValidator.js">
        <metrics statements="90" coveredstatements="90" conditionals="1" coveredconditionals="1" methods="0" coveredmethods="0"/>
        <line num="1" count="1" type="stmt"/>
        <line num="2" count="1" type="stmt"/>
        <line num="3" count="1" type="stmt"/>
        <line num="4" count="1" type="stmt"/>
        <line num="5" count="1" type="stmt"/>
        <line num="6" count="1" type="stmt"/>
        <line num="7" count="1" type="stmt"/>
        <line num="8" count="1" type="stmt"/>
        <line num="9" count="1" type="stmt"/>
        <line num="10" count="1" type="stmt"/>
        <line num="11" count="1" type="stmt"/>
        <line num="12" count="1" type="stmt"/>
        <line num="13" count="1" type="stmt"/>
        <line num="14" count="1" type="stmt"/>
        <line num="15" count="1" type="stmt"/>
        <line num="16" count="1" type="stmt"/>
        <line num="17" count="1" type="stmt"/>
        <line num="18" count="1" type="stmt"/>
        <line num="19" count="1" type="stmt"/>
        <line num="20" count="1" type="stmt"/>
        <line num="21" count="1" type="stmt"/>
        <line num="22" count="1" type="stmt"/>
        <line num="23" count="1" type="stmt"/>
        <line num="24" count="1" type="stmt"/>
        <line num="25" count="1" type="stmt"/>
        <line num="26" count="1" type="stmt"/>
        <line num="28" count="1" type="stmt"/>
        <line num="29" count="1" type="stmt"/>
        <line num="31" count="1" type="stmt"/>
        <line num="32" count="1" type="stmt"/>
        <line num="33" count="1" type="stmt"/>
        <line num="34" count="1" type="stmt"/>
        <line num="35" count="1" type="stmt"/>
        <line num="36" count="1" type="stmt"/>
        <line num="37" count="1" type="stmt"/>
        <line num="38" count="1" type="stmt"/>
        <line num="39" count="1" type="stmt"/>
        <line num="40" count="1" type="stmt"/>
        <line num="41" count="1" type="stmt"/>
        <line num="42" count="1" type="stmt"/>
        <line num="44" count="1" type="stmt"/>
        <line num="45" count="1" type="stmt"/>
        <line num="46" count="1" type="stmt"/>
        <line num="47" count="1" type="stmt"/>
        <line num="48" count="1" type="stmt"/>
        <line num="49" count="1" type="stmt"/>
        <line num="50" count="1" type="stmt"/>
        <line num="51" count="1" type="stmt"/>
        <line num="53" count="1" type="stmt"/>
        <line num="54" count="1" type="stmt"/>
        <line num="55" count="1" type="stmt"/>
        <line num="56" count="1" type="stmt"/>
        <line num="57" count="1" type="stmt"/>
        <line num="58" count="1" type="stmt"/>
        <line num="59" count="1" type="stmt"/>
        <line num="60" count="1" type="stmt"/>
        <line num="62" count="1" type="stmt"/>
        <line num="63" count="1" type="stmt"/>
        <line num="64" count="1" type="stmt"/>
        <line num="65" count="1" type="stmt"/>
        <line num="66" count="1" type="stmt"/>
        <line num="68" count="1" type="stmt"/>
        <line num="69" count="1" type="stmt"/>
        <line num="70" count="1" type="stmt"/>
        <line num="71" count="1" type="stmt"/>
        <line num="73" count="1" type="stmt"/>
        <line num="74" count="1" type="stmt"/>
        <line num="75" count="1" type="stmt"/>
        <line num="76" count="1" type="stmt"/>
        <line num="77" count="1" type="stmt"/>
        <line num="78" count="1" type="stmt"/>
        <line num="79" count="1" type="stmt"/>
        <line num="80" count="1" type="stmt"/>
        <line num="81" count="1" type="stmt"/>
        <line num="82" count="1" type="stmt"/>
        <line num="83" count="1" type="stmt"/>
        <line num="84" count="1" type="stmt"/>
        <line num="85" count="1" type="stmt"/>
        <line num="87" count="1" type="stmt"/>
        <line num="88" count="1" type="stmt"/>
        <line num="89" count="1" type="stmt"/>
        <line num="91" count="1" type="stmt"/>
        <line num="92" count="1" type="stmt"/>
        <line num="93" count="1" type="stmt"/>
        <line num="94" count="1" type="stmt"/>
        <line num="95" count="1" type="stmt"/>
        <line num="96" count="1" type="cond" truecount="1" falsecount="0"/>
        <line num="97" count="1" type="stmt"/>
        <line num="98" count="1" type="stmt"/>
        <line num="100" count="1" type="stmt"/>
      </file>
    </package>
  </project>
</coverage>
